#
# There is insufficient memory for the Java Runtime Environment to continue.
# Native memory allocation (malloc) failed to allocate 2039152 bytes for Chunk::new
# Possible reasons:
#   The system is out of physical RAM or swap space
#   The process is running with CompressedOops enabled, and the Java Heap may be blocking the growth of the native heap
# Possible solutions:
#   Reduce memory load on the system
#   Increase physical memory or swap space
#   Check if swap backing store is full
#   Decrease Java heap size (-Xmx/-Xms)
#   Decrease number of Java threads
#   Decrease Java thread stack sizes (-Xss)
#   Set larger code cache with -XX:ReservedCodeCacheSize=
#   JVM is running with Zero Based Compressed Oops mode in which the Java heap is
#     placed in the first 32GB address space. The Java Heap base address is the
#     maximum limit for the native heap growth. Please use -XX:HeapBaseMinAddress
#     to set the Java Heap base and to place the Java Heap above 32GB virtual address.
# This output file may be truncated or incomplete.
#
#  Out of Memory Error (arena.cpp:189), pid=18880, tid=20672
#
# JRE version: Java(TM) SE Runtime Environment (17.0.10+11) (build 17.0.10+11-LTS-240)
# Java VM: Java HotSpot(TM) 64-Bit Server VM (17.0.10+11-LTS-240, mixed mode, sharing, tiered, compressed oops, compressed class ptrs, g1 gc, windows-amd64)
# No core dump will be written. Minidumps are not enabled by default on client versions of Windows
#

---------------  S U M M A R Y ------------

Command Line: -agentlib:jdwp=transport=dt_socket,server=n,suspend=y,address=localhost:60341 -XX:+ShowCodeDetailsInExceptionMessages com.example.demo.DemoApplication --populate

Host: Intel(R) Core(TM) i5-9300HF CPU @ 2.40GHz, 8 cores, 15G,  Windows 11 , 64 bit Build 22621 (10.0.22621.3527)
Time: Wed May 22 00:34:20 2024  Windows 11 , 64 bit Build 22621 (10.0.22621.3527) elapsed time: 2.257056 seconds (0d 0h 0m 2s)

---------------  T H R E A D  ---------------

Current thread (0x000001b9fd2aeb90):  JavaThread "C2 CompilerThread1" daemon [_thread_in_native, id=20672, stack(0x0000000297e00000,0x0000000297f00000)]


Current CompileTask:
C2:   2257 1747       4       jdk.internal.loader.URLClassPath::getResource (74 bytes)

Stack: [0x0000000297e00000,0x0000000297f00000]
Native frames: (J=compiled Java code, j=interpreted, Vv=VM code, C=native code)
V  [jvm.dll+0x677a5a]
V  [jvm.dll+0x7d8b2d]
V  [jvm.dll+0x7da48e]
V  [jvm.dll+0x7daaf3]
V  [jvm.dll+0x2455ff]
V  [jvm.dll+0xaaafb]
V  [jvm.dll+0xab09c]
V  [jvm.dll+0x361bae]
V  [jvm.dll+0x1bb3ca]
V  [jvm.dll+0x217aa7]
V  [jvm.dll+0x216d81]
V  [jvm.dll+0x1a3410]
V  [jvm.dll+0x226aeb]
V  [jvm.dll+0x224cab]
V  [jvm.dll+0x78e45c]
V  [jvm.dll+0x78888a]
V  [jvm.dll+0x676935]
C  [ucrtbase.dll+0x29333]
C  [KERNEL32.DLL+0x1257d]
C  [ntdll.dll+0x5aa48]


---------------  P R O C E S S  ---------------

Threads class SMR info:
_java_thread_list=0x000001b9fe70ad90, length=20, elements={
0x000001b996e53c40, 0x000001b9bbb900c0, 0x000001b9bbb92d60, 0x000001b9bbba66f0,
0x000001b9bbba7fe0, 0x000001b9bbba88b0, 0x000001b9bbba9180, 0x000001b9bbbabe40,
0x000001b9fd008dd0, 0x000001b9fd02e730, 0x000001b9fd199d40, 0x000001b9fd19bbf0,
0x000001b9fd19cb10, 0x000001b9fd1a0130, 0x000001b9fd1a3680, 0x000001b9fd2aeb90,
0x000001b9fe074330, 0x000001b9fe06d3d0, 0x000001b9fe59db60, 0x000001b9fecf90a0
}

Java Threads: ( => current thread )
  0x000001b996e53c40 JavaThread "main" [_thread_blocked, id=13132, stack(0x0000000296800000,0x0000000296900000)]
  0x000001b9bbb900c0 JavaThread "Reference Handler" daemon [_thread_blocked, id=22364, stack(0x0000000296f00000,0x0000000297000000)]
  0x000001b9bbb92d60 JavaThread "Finalizer" daemon [_thread_blocked, id=20652, stack(0x0000000297000000,0x0000000297100000)]
  0x000001b9bbba66f0 JavaThread "Signal Dispatcher" daemon [_thread_blocked, id=20824, stack(0x0000000297100000,0x0000000297200000)]
  0x000001b9bbba7fe0 JavaThread "Attach Listener" daemon [_thread_blocked, id=18272, stack(0x0000000297200000,0x0000000297300000)]
  0x000001b9bbba88b0 JavaThread "Service Thread" daemon [_thread_blocked, id=16496, stack(0x0000000297300000,0x0000000297400000)]
  0x000001b9bbba9180 JavaThread "Monitor Deflation Thread" daemon [_thread_blocked, id=13852, stack(0x0000000297400000,0x0000000297500000)]
  0x000001b9bbbabe40 JavaThread "C2 CompilerThread0" daemon [_thread_in_native, id=4032, stack(0x0000000297500000,0x0000000297600000)]
  0x000001b9fd008dd0 JavaThread "C1 CompilerThread0" daemon [_thread_in_vm, id=19744, stack(0x0000000297600000,0x0000000297700000)]
  0x000001b9fd02e730 JavaThread "Sweeper thread" daemon [_thread_blocked, id=4188, stack(0x0000000297700000,0x0000000297800000)]
  0x000001b9fd199d40 JavaThread "JDWP Transport Listener: dt_socket" daemon [_thread_blocked, id=21060, stack(0x0000000297800000,0x0000000297900000)]
  0x000001b9fd19bbf0 JavaThread "JDWP Event Helper Thread" daemon [_thread_blocked, id=19712, stack(0x0000000297900000,0x0000000297a00000)]
  0x000001b9fd19cb10 JavaThread "JDWP Command Reader" daemon [_thread_in_native, id=2916, stack(0x0000000297a00000,0x0000000297b00000)]
  0x000001b9fd1a0130 JavaThread "Notification Thread" daemon [_thread_blocked, id=14720, stack(0x0000000297b00000,0x0000000297c00000)]
  0x000001b9fd1a3680 JavaThread "Common-Cleaner" daemon [_thread_blocked, id=19516, stack(0x0000000297d00000,0x0000000297e00000)]
=>0x000001b9fd2aeb90 JavaThread "C2 CompilerThread1" daemon [_thread_in_native, id=20672, stack(0x0000000297e00000,0x0000000297f00000)]
  0x000001b9fe074330 JavaThread "Thread-0" [_thread_blocked, id=22256, stack(0x0000000298000000,0x0000000298100000)]
  0x000001b9fe06d3d0 JavaThread "restartedMain" [_thread_in_Java, id=15072, stack(0x0000000298600000,0x0000000298700000)]
  0x000001b9fe59db60 JavaThread "background-preinit" [_thread_in_Java, id=13968, stack(0x0000000297f00000,0x0000000298000000)]
  0x000001b9fecf90a0 JavaThread "C2 CompilerThread2" daemon [_thread_in_native, id=16544, stack(0x0000000298700000,0x0000000298800000)]

Other Threads:
  0x000001b9bbb8c5b0 VMThread "VM Thread" [stack: 0x0000000296e00000,0x0000000296f00000] [id=10028]
  0x000001b9fd1a1020 WatcherThread [stack: 0x0000000297c00000,0x0000000297d00000] [id=22452]
  0x000001b996ec9010 GCTaskThread "GC Thread#0" [stack: 0x0000000296900000,0x0000000296a00000] [id=8560]
  0x000001b9fdf399d0 GCTaskThread "GC Thread#1" [stack: 0x0000000298100000,0x0000000298200000] [id=16308]
  0x000001b9fdf39c90 GCTaskThread "GC Thread#2" [stack: 0x0000000298200000,0x0000000298300000] [id=20956]
  0x000001b9fe214a20 GCTaskThread "GC Thread#3" [stack: 0x0000000298300000,0x0000000298400000] [id=17708]
  0x000001b9fe2150f0 GCTaskThread "GC Thread#4" [stack: 0x0000000298400000,0x0000000298500000] [id=16172]
  0x000001b9fe2153b0 GCTaskThread "GC Thread#5" [stack: 0x0000000298500000,0x0000000298600000] [id=10024]
  0x000001b98420e110 GCTaskThread "GC Thread#6" [stack: 0x0000000298800000,0x0000000298900000] [id=13532]
  0x000001b9fe4962e0 GCTaskThread "GC Thread#7" [stack: 0x0000000298900000,0x0000000298a00000] [id=21396]
  0x000001b996ed9d40 ConcurrentGCThread "G1 Main Marker" [stack: 0x0000000296a00000,0x0000000296b00000] [id=19440]
  0x000001b996eda660 ConcurrentGCThread "G1 Conc#0" [stack: 0x0000000296b00000,0x0000000296c00000] [id=9836]
  0x000001b9bba4ac00 ConcurrentGCThread "G1 Refine#0" [stack: 0x0000000296c00000,0x0000000296d00000] [id=19956]
  0x000001b996efeaa0 ConcurrentGCThread "G1 Service" [stack: 0x0000000296d00000,0x0000000296e00000] [id=20912]

Threads with active compile tasks:
C2 CompilerThread0     2282 1898 % !   4       java.util.concurrent.ConcurrentHashMap::transfer @ 96 (849 bytes)
C1 CompilerThread0     2282 1961       3       sun.util.locale.LanguageTag::parse (205 bytes)
C2 CompilerThread1     2282 1747       4       jdk.internal.loader.URLClassPath::getResource (74 bytes)
C2 CompilerThread2     2282 1958       4       java.util.stream.MatchOps$1MatchSink::accept (44 bytes)

VM state: not at safepoint (normal execution)

VM Mutex/Monitor currently owned by a thread: None

Heap address: 0x0000000701200000, size: 4078 MB, Compressed Oops mode: Zero based, Oop shift amount: 3

CDS archive(s) mapped at: [0x000001b9bc000000-0x000001b9bcbd0000-0x000001b9bcbd0000), size 12386304, SharedBaseAddress: 0x000001b9bc000000, ArchiveRelocationMode: 1.
Compressed class space mapped at: 0x000001b9bd000000-0x000001b9fd000000, reserved size: 1073741824
Narrow klass base: 0x000001b9bc000000, Narrow klass shift: 0, Narrow klass range: 0x100000000

GC Precious Log:
 CPUs: 8 total, 8 available
 Memory: 16304M
 Large Page Support: Disabled
 NUMA Support: Disabled
 Compressed Oops: Enabled (Zero based)
 Heap Region Size: 2M
 Heap Min Capacity: 8M
 Heap Initial Capacity: 256M
 Heap Max Capacity: 4078M
 Pre-touch: Disabled
 Parallel Workers: 8
 Concurrent Workers: 2
 Concurrent Refinement Workers: 8
 Periodic GC: Disabled

Heap:
 garbage-first heap   total 262144K, used 34233K [0x0000000701200000, 0x0000000800000000)
  region size 2048K, 14 young (28672K), 1 survivors (2048K)
 Metaspace       used 15957K, committed 16192K, reserved 1114112K
  class space    used 1964K, committed 2048K, reserved 1048576K

Heap Regions: E=young(eden), S=young(survivor), O=old, HS=humongous(starts), HC=humongous(continues), CS=collection set, F=free, OA=open archive, CA=closed archive, TAMS=top-at-mark-start (previous, next)
|   0|0x0000000701200000, 0x0000000701400000, 0x0000000701400000|100%| O|  |TAMS 0x0000000701200000, 0x0000000701200000| Untracked 
|   1|0x0000000701400000, 0x0000000701600000, 0x0000000701600000|100%| O|  |TAMS 0x0000000701400000, 0x0000000701400000| Untracked 
|   2|0x0000000701600000, 0x0000000701800000, 0x0000000701800000|100%| O|  |TAMS 0x0000000701600000, 0x0000000701600000| Untracked 
|   3|0x0000000701800000, 0x0000000701994800, 0x0000000701a00000| 79%| O|  |TAMS 0x0000000701800000, 0x0000000701800000| Untracked 
|   4|0x0000000701a00000, 0x0000000701a00000, 0x0000000701c00000|  0%| F|  |TAMS 0x0000000701a00000, 0x0000000701a00000| Untracked 
|   5|0x0000000701c00000, 0x0000000701c00000, 0x0000000701e00000|  0%| F|  |TAMS 0x0000000701c00000, 0x0000000701c00000| Untracked 
|   6|0x0000000701e00000, 0x0000000701e00000, 0x0000000702000000|  0%| F|  |TAMS 0x0000000701e00000, 0x0000000701e00000| Untracked 
|   7|0x0000000702000000, 0x0000000702000000, 0x0000000702200000|  0%| F|  |TAMS 0x0000000702000000, 0x0000000702000000| Untracked 
|   8|0x0000000702200000, 0x0000000702200000, 0x0000000702400000|  0%| F|  |TAMS 0x0000000702200000, 0x0000000702200000| Untracked 
|   9|0x0000000702400000, 0x0000000702400000, 0x0000000702600000|  0%| F|  |TAMS 0x0000000702400000, 0x0000000702400000| Untracked 
|  10|0x0000000702600000, 0x0000000702600000, 0x0000000702800000|  0%| F|  |TAMS 0x0000000702600000, 0x0000000702600000| Untracked 
|  11|0x0000000702800000, 0x0000000702800000, 0x0000000702a00000|  0%| F|  |TAMS 0x0000000702800000, 0x0000000702800000| Untracked 
|  12|0x0000000702a00000, 0x0000000702a00000, 0x0000000702c00000|  0%| F|  |TAMS 0x0000000702a00000, 0x0000000702a00000| Untracked 
|  13|0x0000000702c00000, 0x0000000702c00000, 0x0000000702e00000|  0%| F|  |TAMS 0x0000000702c00000, 0x0000000702c00000| Untracked 
|  14|0x0000000702e00000, 0x0000000702e00000, 0x0000000703000000|  0%| F|  |TAMS 0x0000000702e00000, 0x0000000702e00000| Untracked 
|  15|0x0000000703000000, 0x0000000703000000, 0x0000000703200000|  0%| F|  |TAMS 0x0000000703000000, 0x0000000703000000| Untracked 
|  16|0x0000000703200000, 0x0000000703200000, 0x0000000703400000|  0%| F|  |TAMS 0x0000000703200000, 0x0000000703200000| Untracked 
|  17|0x0000000703400000, 0x0000000703400000, 0x0000000703600000|  0%| F|  |TAMS 0x0000000703400000, 0x0000000703400000| Untracked 
|  18|0x0000000703600000, 0x0000000703600000, 0x0000000703800000|  0%| F|  |TAMS 0x0000000703600000, 0x0000000703600000| Untracked 
|  19|0x0000000703800000, 0x0000000703800000, 0x0000000703a00000|  0%| F|  |TAMS 0x0000000703800000, 0x0000000703800000| Untracked 
|  20|0x0000000703a00000, 0x0000000703a00000, 0x0000000703c00000|  0%| F|  |TAMS 0x0000000703a00000, 0x0000000703a00000| Untracked 
|  21|0x0000000703c00000, 0x0000000703c00000, 0x0000000703e00000|  0%| F|  |TAMS 0x0000000703c00000, 0x0000000703c00000| Untracked 
|  22|0x0000000703e00000, 0x0000000703e00000, 0x0000000704000000|  0%| F|  |TAMS 0x0000000703e00000, 0x0000000703e00000| Untracked 
|  23|0x0000000704000000, 0x0000000704000000, 0x0000000704200000|  0%| F|  |TAMS 0x0000000704000000, 0x0000000704000000| Untracked 
|  24|0x0000000704200000, 0x0000000704200000, 0x0000000704400000|  0%| F|  |TAMS 0x0000000704200000, 0x0000000704200000| Untracked 
|  25|0x0000000704400000, 0x0000000704400000, 0x0000000704600000|  0%| F|  |TAMS 0x0000000704400000, 0x0000000704400000| Untracked 
|  26|0x0000000704600000, 0x0000000704600000, 0x0000000704800000|  0%| F|  |TAMS 0x0000000704600000, 0x0000000704600000| Untracked 
|  27|0x0000000704800000, 0x0000000704800000, 0x0000000704a00000|  0%| F|  |TAMS 0x0000000704800000, 0x0000000704800000| Untracked 
|  28|0x0000000704a00000, 0x0000000704a00000, 0x0000000704c00000|  0%| F|  |TAMS 0x0000000704a00000, 0x0000000704a00000| Untracked 
|  29|0x0000000704c00000, 0x0000000704c00000, 0x0000000704e00000|  0%| F|  |TAMS 0x0000000704c00000, 0x0000000704c00000| Untracked 
|  30|0x0000000704e00000, 0x0000000704e00000, 0x0000000705000000|  0%| F|  |TAMS 0x0000000704e00000, 0x0000000704e00000| Untracked 
|  31|0x0000000705000000, 0x0000000705000000, 0x0000000705200000|  0%| F|  |TAMS 0x0000000705000000, 0x0000000705000000| Untracked 
|  32|0x0000000705200000, 0x0000000705200000, 0x0000000705400000|  0%| F|  |TAMS 0x0000000705200000, 0x0000000705200000| Untracked 
|  33|0x0000000705400000, 0x0000000705400000, 0x0000000705600000|  0%| F|  |TAMS 0x0000000705400000, 0x0000000705400000| Untracked 
|  34|0x0000000705600000, 0x0000000705600000, 0x0000000705800000|  0%| F|  |TAMS 0x0000000705600000, 0x0000000705600000| Untracked 
|  35|0x0000000705800000, 0x0000000705800000, 0x0000000705a00000|  0%| F|  |TAMS 0x0000000705800000, 0x0000000705800000| Untracked 
|  36|0x0000000705a00000, 0x0000000705a00000, 0x0000000705c00000|  0%| F|  |TAMS 0x0000000705a00000, 0x0000000705a00000| Untracked 
|  37|0x0000000705c00000, 0x0000000705c00000, 0x0000000705e00000|  0%| F|  |TAMS 0x0000000705c00000, 0x0000000705c00000| Untracked 
|  38|0x0000000705e00000, 0x0000000705e00000, 0x0000000706000000|  0%| F|  |TAMS 0x0000000705e00000, 0x0000000705e00000| Untracked 
|  39|0x0000000706000000, 0x0000000706000000, 0x0000000706200000|  0%| F|  |TAMS 0x0000000706000000, 0x0000000706000000| Untracked 
|  40|0x0000000706200000, 0x0000000706200000, 0x0000000706400000|  0%| F|  |TAMS 0x0000000706200000, 0x0000000706200000| Untracked 
|  41|0x0000000706400000, 0x0000000706400000, 0x0000000706600000|  0%| F|  |TAMS 0x0000000706400000, 0x0000000706400000| Untracked 
|  42|0x0000000706600000, 0x0000000706600000, 0x0000000706800000|  0%| F|  |TAMS 0x0000000706600000, 0x0000000706600000| Untracked 
|  43|0x0000000706800000, 0x0000000706800000, 0x0000000706a00000|  0%| F|  |TAMS 0x0000000706800000, 0x0000000706800000| Untracked 
|  44|0x0000000706a00000, 0x0000000706a00000, 0x0000000706c00000|  0%| F|  |TAMS 0x0000000706a00000, 0x0000000706a00000| Untracked 
|  45|0x0000000706c00000, 0x0000000706c00000, 0x0000000706e00000|  0%| F|  |TAMS 0x0000000706c00000, 0x0000000706c00000| Untracked 
|  46|0x0000000706e00000, 0x0000000706e00000, 0x0000000707000000|  0%| F|  |TAMS 0x0000000706e00000, 0x0000000706e00000| Untracked 
|  47|0x0000000707000000, 0x0000000707000000, 0x0000000707200000|  0%| F|  |TAMS 0x0000000707000000, 0x0000000707000000| Untracked 
|  48|0x0000000707200000, 0x0000000707200000, 0x0000000707400000|  0%| F|  |TAMS 0x0000000707200000, 0x0000000707200000| Untracked 
|  49|0x0000000707400000, 0x0000000707400000, 0x0000000707600000|  0%| F|  |TAMS 0x0000000707400000, 0x0000000707400000| Untracked 
|  50|0x0000000707600000, 0x0000000707600000, 0x0000000707800000|  0%| F|  |TAMS 0x0000000707600000, 0x0000000707600000| Untracked 
|  51|0x0000000707800000, 0x0000000707800000, 0x0000000707a00000|  0%| F|  |TAMS 0x0000000707800000, 0x0000000707800000| Untracked 
|  52|0x0000000707a00000, 0x0000000707a00000, 0x0000000707c00000|  0%| F|  |TAMS 0x0000000707a00000, 0x0000000707a00000| Untracked 
|  53|0x0000000707c00000, 0x0000000707c00000, 0x0000000707e00000|  0%| F|  |TAMS 0x0000000707c00000, 0x0000000707c00000| Untracked 
|  54|0x0000000707e00000, 0x0000000707e00000, 0x0000000708000000|  0%| F|  |TAMS 0x0000000707e00000, 0x0000000707e00000| Untracked 
|  55|0x0000000708000000, 0x0000000708000000, 0x0000000708200000|  0%| F|  |TAMS 0x0000000708000000, 0x0000000708000000| Untracked 
|  56|0x0000000708200000, 0x0000000708200000, 0x0000000708400000|  0%| F|  |TAMS 0x0000000708200000, 0x0000000708200000| Untracked 
|  57|0x0000000708400000, 0x0000000708400000, 0x0000000708600000|  0%| F|  |TAMS 0x0000000708400000, 0x0000000708400000| Untracked 
|  58|0x0000000708600000, 0x0000000708600000, 0x0000000708800000|  0%| F|  |TAMS 0x0000000708600000, 0x0000000708600000| Untracked 
|  59|0x0000000708800000, 0x0000000708800000, 0x0000000708a00000|  0%| F|  |TAMS 0x0000000708800000, 0x0000000708800000| Untracked 
|  60|0x0000000708a00000, 0x0000000708a00000, 0x0000000708c00000|  0%| F|  |TAMS 0x0000000708a00000, 0x0000000708a00000| Untracked 
|  61|0x0000000708c00000, 0x0000000708c00000, 0x0000000708e00000|  0%| F|  |TAMS 0x0000000708c00000, 0x0000000708c00000| Untracked 
|  62|0x0000000708e00000, 0x0000000708e00000, 0x0000000709000000|  0%| F|  |TAMS 0x0000000708e00000, 0x0000000708e00000| Untracked 
|  63|0x0000000709000000, 0x0000000709000000, 0x0000000709200000|  0%| F|  |TAMS 0x0000000709000000, 0x0000000709000000| Untracked 
|  64|0x0000000709200000, 0x0000000709200000, 0x0000000709400000|  0%| F|  |TAMS 0x0000000709200000, 0x0000000709200000| Untracked 
|  65|0x0000000709400000, 0x0000000709400000, 0x0000000709600000|  0%| F|  |TAMS 0x0000000709400000, 0x0000000709400000| Untracked 
|  66|0x0000000709600000, 0x0000000709600000, 0x0000000709800000|  0%| F|  |TAMS 0x0000000709600000, 0x0000000709600000| Untracked 
|  67|0x0000000709800000, 0x0000000709800000, 0x0000000709a00000|  0%| F|  |TAMS 0x0000000709800000, 0x0000000709800000| Untracked 
|  68|0x0000000709a00000, 0x0000000709a00000, 0x0000000709c00000|  0%| F|  |TAMS 0x0000000709a00000, 0x0000000709a00000| Untracked 
|  69|0x0000000709c00000, 0x0000000709c00000, 0x0000000709e00000|  0%| F|  |TAMS 0x0000000709c00000, 0x0000000709c00000| Untracked 
|  70|0x0000000709e00000, 0x0000000709e00000, 0x000000070a000000|  0%| F|  |TAMS 0x0000000709e00000, 0x0000000709e00000| Untracked 
|  71|0x000000070a000000, 0x000000070a000000, 0x000000070a200000|  0%| F|  |TAMS 0x000000070a000000, 0x000000070a000000| Untracked 
|  72|0x000000070a200000, 0x000000070a200000, 0x000000070a400000|  0%| F|  |TAMS 0x000000070a200000, 0x000000070a200000| Untracked 
|  73|0x000000070a400000, 0x000000070a400000, 0x000000070a600000|  0%| F|  |TAMS 0x000000070a400000, 0x000000070a400000| Untracked 
|  74|0x000000070a600000, 0x000000070a600000, 0x000000070a800000|  0%| F|  |TAMS 0x000000070a600000, 0x000000070a600000| Untracked 
|  75|0x000000070a800000, 0x000000070a800000, 0x000000070aa00000|  0%| F|  |TAMS 0x000000070a800000, 0x000000070a800000| Untracked 
|  76|0x000000070aa00000, 0x000000070aa00000, 0x000000070ac00000|  0%| F|  |TAMS 0x000000070aa00000, 0x000000070aa00000| Untracked 
|  77|0x000000070ac00000, 0x000000070ac00000, 0x000000070ae00000|  0%| F|  |TAMS 0x000000070ac00000, 0x000000070ac00000| Untracked 
|  78|0x000000070ae00000, 0x000000070ae00000, 0x000000070b000000|  0%| F|  |TAMS 0x000000070ae00000, 0x000000070ae00000| Untracked 
|  79|0x000000070b000000, 0x000000070b000000, 0x000000070b200000|  0%| F|  |TAMS 0x000000070b000000, 0x000000070b000000| Untracked 
|  80|0x000000070b200000, 0x000000070b200000, 0x000000070b400000|  0%| F|  |TAMS 0x000000070b200000, 0x000000070b200000| Untracked 
|  81|0x000000070b400000, 0x000000070b400000, 0x000000070b600000|  0%| F|  |TAMS 0x000000070b400000, 0x000000070b400000| Untracked 
|  82|0x000000070b600000, 0x000000070b600000, 0x000000070b800000|  0%| F|  |TAMS 0x000000070b600000, 0x000000070b600000| Untracked 
|  83|0x000000070b800000, 0x000000070b800000, 0x000000070ba00000|  0%| F|  |TAMS 0x000000070b800000, 0x000000070b800000| Untracked 
|  84|0x000000070ba00000, 0x000000070ba00000, 0x000000070bc00000|  0%| F|  |TAMS 0x000000070ba00000, 0x000000070ba00000| Untracked 
|  85|0x000000070bc00000, 0x000000070bc00000, 0x000000070be00000|  0%| F|  |TAMS 0x000000070bc00000, 0x000000070bc00000| Untracked 
|  86|0x000000070be00000, 0x000000070be00000, 0x000000070c000000|  0%| F|  |TAMS 0x000000070be00000, 0x000000070be00000| Untracked 
|  87|0x000000070c000000, 0x000000070c000000, 0x000000070c200000|  0%| F|  |TAMS 0x000000070c000000, 0x000000070c000000| Untracked 
|  88|0x000000070c200000, 0x000000070c200000, 0x000000070c400000|  0%| F|  |TAMS 0x000000070c200000, 0x000000070c200000| Untracked 
|  89|0x000000070c400000, 0x000000070c400000, 0x000000070c600000|  0%| F|  |TAMS 0x000000070c400000, 0x000000070c400000| Untracked 
|  90|0x000000070c600000, 0x000000070c600000, 0x000000070c800000|  0%| F|  |TAMS 0x000000070c600000, 0x000000070c600000| Untracked 
|  91|0x000000070c800000, 0x000000070c800000, 0x000000070ca00000|  0%| F|  |TAMS 0x000000070c800000, 0x000000070c800000| Untracked 
|  92|0x000000070ca00000, 0x000000070ca00000, 0x000000070cc00000|  0%| F|  |TAMS 0x000000070ca00000, 0x000000070ca00000| Untracked 
|  93|0x000000070cc00000, 0x000000070cc00000, 0x000000070ce00000|  0%| F|  |TAMS 0x000000070cc00000, 0x000000070cc00000| Untracked 
|  94|0x000000070ce00000, 0x000000070ce00000, 0x000000070d000000|  0%| F|  |TAMS 0x000000070ce00000, 0x000000070ce00000| Untracked 
|  95|0x000000070d000000, 0x000000070d000000, 0x000000070d200000|  0%| F|  |TAMS 0x000000070d000000, 0x000000070d000000| Untracked 
|  96|0x000000070d200000, 0x000000070d200000, 0x000000070d400000|  0%| F|  |TAMS 0x000000070d200000, 0x000000070d200000| Untracked 
|  97|0x000000070d400000, 0x000000070d400000, 0x000000070d600000|  0%| F|  |TAMS 0x000000070d400000, 0x000000070d400000| Untracked 
|  98|0x000000070d600000, 0x000000070d600000, 0x000000070d800000|  0%| F|  |TAMS 0x000000070d600000, 0x000000070d600000| Untracked 
|  99|0x000000070d800000, 0x000000070d800000, 0x000000070da00000|  0%| F|  |TAMS 0x000000070d800000, 0x000000070d800000| Untracked 
| 100|0x000000070da00000, 0x000000070da00000, 0x000000070dc00000|  0%| F|  |TAMS 0x000000070da00000, 0x000000070da00000| Untracked 
| 101|0x000000070dc00000, 0x000000070dc00000, 0x000000070de00000|  0%| F|  |TAMS 0x000000070dc00000, 0x000000070dc00000| Untracked 
| 102|0x000000070de00000, 0x000000070de00000, 0x000000070e000000|  0%| F|  |TAMS 0x000000070de00000, 0x000000070de00000| Untracked 
| 103|0x000000070e000000, 0x000000070e000000, 0x000000070e200000|  0%| F|  |TAMS 0x000000070e000000, 0x000000070e000000| Untracked 
| 104|0x000000070e200000, 0x000000070e200000, 0x000000070e400000|  0%| F|  |TAMS 0x000000070e200000, 0x000000070e200000| Untracked 
| 105|0x000000070e400000, 0x000000070e400000, 0x000000070e600000|  0%| F|  |TAMS 0x000000070e400000, 0x000000070e400000| Untracked 
| 106|0x000000070e600000, 0x000000070e600000, 0x000000070e800000|  0%| F|  |TAMS 0x000000070e600000, 0x000000070e600000| Untracked 
| 107|0x000000070e800000, 0x000000070e800000, 0x000000070ea00000|  0%| F|  |TAMS 0x000000070e800000, 0x000000070e800000| Untracked 
| 108|0x000000070ea00000, 0x000000070ea00000, 0x000000070ec00000|  0%| F|  |TAMS 0x000000070ea00000, 0x000000070ea00000| Untracked 
| 109|0x000000070ec00000, 0x000000070ec00000, 0x000000070ee00000|  0%| F|  |TAMS 0x000000070ec00000, 0x000000070ec00000| Untracked 
| 110|0x000000070ee00000, 0x000000070ee00000, 0x000000070f000000|  0%| F|  |TAMS 0x000000070ee00000, 0x000000070ee00000| Untracked 
| 111|0x000000070f000000, 0x000000070f000000, 0x000000070f200000|  0%| F|  |TAMS 0x000000070f000000, 0x000000070f000000| Untracked 
| 112|0x000000070f200000, 0x000000070f200000, 0x000000070f400000|  0%| F|  |TAMS 0x000000070f200000, 0x000000070f200000| Untracked 
| 113|0x000000070f400000, 0x000000070f400000, 0x000000070f600000|  0%| F|  |TAMS 0x000000070f400000, 0x000000070f400000| Untracked 
| 114|0x000000070f600000, 0x000000070f7d9c38, 0x000000070f800000| 92%| S|CS|TAMS 0x000000070f600000, 0x000000070f600000| Complete 
| 115|0x000000070f800000, 0x000000070f8844c0, 0x000000070fa00000| 25%| E|  |TAMS 0x000000070f800000, 0x000000070f800000| Complete 
| 116|0x000000070fa00000, 0x000000070fc00000, 0x000000070fc00000|100%| E|CS|TAMS 0x000000070fa00000, 0x000000070fa00000| Complete 
| 117|0x000000070fc00000, 0x000000070fe00000, 0x000000070fe00000|100%| E|CS|TAMS 0x000000070fc00000, 0x000000070fc00000| Complete 
| 118|0x000000070fe00000, 0x0000000710000000, 0x0000000710000000|100%| E|CS|TAMS 0x000000070fe00000, 0x000000070fe00000| Complete 
| 119|0x0000000710000000, 0x0000000710200000, 0x0000000710200000|100%| E|CS|TAMS 0x0000000710000000, 0x0000000710000000| Complete 
| 120|0x0000000710200000, 0x0000000710400000, 0x0000000710400000|100%| E|CS|TAMS 0x0000000710200000, 0x0000000710200000| Complete 
| 121|0x0000000710400000, 0x0000000710600000, 0x0000000710600000|100%| E|CS|TAMS 0x0000000710400000, 0x0000000710400000| Complete 
| 122|0x0000000710600000, 0x0000000710800000, 0x0000000710800000|100%| E|CS|TAMS 0x0000000710600000, 0x0000000710600000| Complete 
| 123|0x0000000710800000, 0x0000000710a00000, 0x0000000710a00000|100%| E|CS|TAMS 0x0000000710800000, 0x0000000710800000| Complete 
| 124|0x0000000710a00000, 0x0000000710c00000, 0x0000000710c00000|100%| E|CS|TAMS 0x0000000710a00000, 0x0000000710a00000| Complete 
| 125|0x0000000710c00000, 0x0000000710e00000, 0x0000000710e00000|100%| E|CS|TAMS 0x0000000710c00000, 0x0000000710c00000| Complete 
| 126|0x0000000710e00000, 0x0000000711000000, 0x0000000711000000|100%| E|CS|TAMS 0x0000000710e00000, 0x0000000710e00000| Complete 
| 127|0x0000000711000000, 0x0000000711200000, 0x0000000711200000|100%| E|CS|TAMS 0x0000000711000000, 0x0000000711000000| Complete 

Card table byte_map: [0x000001b9b0120000,0x000001b9b0920000] _byte_map_base: 0x000001b9ac917000

Marking Bits (Prev, Next): (CMBitMap*) 0x000001b996ec9540, (CMBitMap*) 0x000001b996ec9580
 Prev Bits: [0x000001b9b1120000, 0x000001b9b50d8000)
 Next Bits: [0x000001b9b50e0000, 0x000001b9b9098000)

Polling page: 0x000001b996f00000

Metaspace:

Usage:
  Non-class:     13.67 MB used.
      Class:      1.92 MB used.
       Both:     15.58 MB used.

Virtual space:
  Non-class space:       64.00 MB reserved,      13.81 MB ( 22%) committed,  1 nodes.
      Class space:        1.00 GB reserved,       2.00 MB ( <1%) committed,  1 nodes.
             Both:        1.06 GB reserved,      15.81 MB (  1%) committed. 

Chunk freelists:
   Non-Class:  1.92 MB
       Class:  13.95 MB
        Both:  15.87 MB

MaxMetaspaceSize: unlimited
CompressedClassSpaceSize: 1.00 GB
Initial GC threshold: 21.00 MB
Current GC threshold: 21.00 MB
CDS: on
MetaspaceReclaimPolicy: balanced
 - commit_granule_bytes: 65536.
 - commit_granule_words: 8192.
 - virtual_space_node_default_size: 8388608.
 - enlarge_chunks_in_place: 1.
 - new_chunks_are_fully_committed: 0.
 - uncommit_free_chunks: 1.
 - use_allocation_guard: 0.
 - handle_deallocations: 1.


Internal statistics:

num_allocs_failed_limit: 0.
num_arena_births: 216.
num_arena_deaths: 0.
num_vsnodes_births: 2.
num_vsnodes_deaths: 0.
num_space_committed: 253.
num_space_uncommitted: 0.
num_chunks_returned_to_freelist: 0.
num_chunks_taken_from_freelist: 699.
num_chunk_merges: 0.
num_chunk_splits: 506.
num_chunks_enlarged: 398.
num_inconsistent_stats: 0.

CodeHeap 'non-profiled nmethods': size=120000Kb used=824Kb max_used=824Kb free=119175Kb
 bounds [0x000001b9a7980000, 0x000001b9a7bf0000, 0x000001b9aeeb0000]
CodeHeap 'profiled nmethods': size=120000Kb used=3821Kb max_used=3821Kb free=116178Kb
 bounds [0x000001b99feb0000, 0x000001b9a0270000, 0x000001b9a73e0000]
CodeHeap 'non-nmethods': size=5760Kb used=1597Kb max_used=1631Kb free=4162Kb
 bounds [0x000001b9a73e0000, 0x000001b9a7650000, 0x000001b9a7980000]
 total_blobs=2534 nmethods=1964 adapters=482
 compilation: enabled
              stopped_count=0, restarted_count=0
 full_count=0

Compilation events (20 events):
Event: 2.246 Thread 0x000001b9bbbabe40 nmethod 1849 0x000001b9a7a43810 code [0x000001b9a7a43b40, 0x000001b9a7a468e8]
Event: 2.247 Thread 0x000001b9fecf90a0 nmethod 1884 0x000001b9a7a48210 code [0x000001b9a7a483a0, 0x000001b9a7a484b8]
Event: 2.248 Thread 0x000001b9fd008dd0 1886       3       java.util.StringTokenizer::scanToken (179 bytes)
Event: 2.250 Thread 0x000001b9fd008dd0 nmethod 1886 0x000001b9a0241510 code [0x000001b9a0241880, 0x000001b9a0242f38]
Event: 2.250 Thread 0x000001b9fd008dd0 1885       3       java.util.StringTokenizer::skipDelimiters (116 bytes)
Event: 2.252 Thread 0x000001b9fd008dd0 nmethod 1885 0x000001b9a0243790 code [0x000001b9a0243a40, 0x000001b9a02447e8]
Event: 2.252 Thread 0x000001b9fd008dd0 1890       3       java.util.StringTokenizer::hasMoreTokens (29 bytes)
Event: 2.252 Thread 0x000001b9fd008dd0 nmethod 1890 0x000001b9a0244d90 code [0x000001b9a0244f40, 0x000001b9a02450e8]
Event: 2.252 Thread 0x000001b9fd008dd0 1891       3       java.util.StringTokenizer::nextToken (92 bytes)
Event: 2.252 Thread 0x000001b9fd008dd0 nmethod 1891 0x000001b9a0245190 code [0x000001b9a0245380, 0x000001b9a0245718]
Event: 2.252 Thread 0x000001b9fd008dd0 1887       3       jdk.internal.org.objectweb.asm.FieldWriter::<init> (69 bytes)
Event: 2.253 Thread 0x000001b9bbbabe40 1898 % !   4       java.util.concurrent.ConcurrentHashMap::transfer @ 96 (849 bytes)
Event: 2.253 Thread 0x000001b9fd008dd0 nmethod 1887 0x000001b9a0245890 code [0x000001b9a0245a80, 0x000001b9a0245e68]
Event: 2.253 Thread 0x000001b9fd008dd0 1892       3       java.util.HashMap::putIfAbsent (13 bytes)
Event: 2.253 Thread 0x000001b9fd008dd0 nmethod 1892 0x000001b9a0246010 code [0x000001b9a02461c0, 0x000001b9a02464b8]
Event: 2.253 Thread 0x000001b9fd008dd0 1893       3       org.codehaus.groovy.vmplugin.v9.Java9$$Lambda$284/0x000001b9bd209868::accept (16 bytes)
Event: 2.254 Thread 0x000001b9fd008dd0 nmethod 1893 0x000001b9a0246610 code [0x000001b9a02467c0, 0x000001b9a0246a08]
Event: 2.254 Thread 0x000001b9fd008dd0 1894       3       org.codehaus.groovy.vmplugin.v9.Java9::lambda$static$9 (10 bytes)
Event: 2.254 Thread 0x000001b9fd008dd0 nmethod 1894 0x000001b9a0246b10 code [0x000001b9a0246cc0, 0x000001b9a0246ec8]
Event: 2.254 Thread 0x000001b9fd008dd0 1895       1       sun.util.locale.StringTokenIterator::isDone (5 bytes)

GC Heap History (4 events):
Event: 0.788 GC heap before
{Heap before GC invocations=0 (full 0):
 garbage-first heap   total 262144K, used 20480K [0x0000000701200000, 0x0000000800000000)
  region size 2048K, 11 young (22528K), 0 survivors (0K)
 Metaspace       used 4493K, committed 4672K, reserved 1114112K
  class space    used 510K, committed 576K, reserved 1048576K
}
Event: 0.795 GC heap after
{Heap after GC invocations=1 (full 0):
 garbage-first heap   total 262144K, used 7708K [0x0000000701200000, 0x0000000800000000)
  region size 2048K, 2 young (4096K), 2 survivors (4096K)
 Metaspace       used 4493K, committed 4672K, reserved 1114112K
  class space    used 510K, committed 576K, reserved 1048576K
}
Event: 1.710 GC heap before
{Heap before GC invocations=1 (full 0):
 garbage-first heap   total 262144K, used 30236K [0x0000000701200000, 0x0000000800000000)
  region size 2048K, 13 young (26624K), 2 survivors (4096K)
 Metaspace       used 9530K, committed 9792K, reserved 1114112K
  class space    used 1203K, committed 1344K, reserved 1048576K
}
Event: 1.718 GC heap after
{Heap after GC invocations=2 (full 0):
 garbage-first heap   total 262144K, used 9657K [0x0000000701200000, 0x0000000800000000)
  region size 2048K, 1 young (2048K), 1 survivors (2048K)
 Metaspace       used 9530K, committed 9792K, reserved 1114112K
  class space    used 1203K, committed 1344K, reserved 1048576K
}

Deoptimization events (20 events):
Event: 2.042 Thread 0x000001b9fe59db60 DEOPT PACKING pc=0x000001b9a007af3c sp=0x0000000297ffe710
Event: 2.042 Thread 0x000001b9fe59db60 DEOPT UNPACKING pc=0x000001b9a7432b43 sp=0x0000000297ffdc00 mode 1
Event: 2.042 Thread 0x000001b9fe59db60 DEOPT PACKING pc=0x000001b99ffbe774 sp=0x0000000297ffdcb0
Event: 2.042 Thread 0x000001b9fe59db60 DEOPT UNPACKING pc=0x000001b9a7432b43 sp=0x0000000297ffd148 mode 1
Event: 2.042 Thread 0x000001b9fe59db60 DEOPT PACKING pc=0x000001b99ffbdc5c sp=0x0000000297ffdd80
Event: 2.042 Thread 0x000001b9fe59db60 DEOPT UNPACKING pc=0x000001b9a7432b43 sp=0x0000000297ffd238 mode 1
Event: 2.042 Thread 0x000001b9fe59db60 DEOPT PACKING pc=0x000001b9a007af3c sp=0x0000000297ffe710
Event: 2.042 Thread 0x000001b9fe59db60 DEOPT UNPACKING pc=0x000001b9a7432b43 sp=0x0000000297ffdc00 mode 1
Event: 2.042 Thread 0x000001b9fe59db60 DEOPT PACKING pc=0x000001b99ffbe774 sp=0x0000000297ffdcb0
Event: 2.042 Thread 0x000001b9fe59db60 DEOPT UNPACKING pc=0x000001b9a7432b43 sp=0x0000000297ffd148 mode 1
Event: 2.042 Thread 0x000001b9fe59db60 DEOPT PACKING pc=0x000001b99ffbdc5c sp=0x0000000297ffdd80
Event: 2.042 Thread 0x000001b9fe59db60 DEOPT UNPACKING pc=0x000001b9a7432b43 sp=0x0000000297ffd238 mode 1
Event: 2.042 Thread 0x000001b9fe59db60 DEOPT PACKING pc=0x000001b9a007af3c sp=0x0000000297ffe710
Event: 2.042 Thread 0x000001b9fe59db60 DEOPT UNPACKING pc=0x000001b9a7432b43 sp=0x0000000297ffdc00 mode 1
Event: 2.106 Thread 0x000001b9fe59db60 DEOPT PACKING pc=0x000001b99ffbe774 sp=0x0000000297ffd7f0
Event: 2.106 Thread 0x000001b9fe59db60 DEOPT UNPACKING pc=0x000001b9a7432b43 sp=0x0000000297ffcc88 mode 1
Event: 2.107 Thread 0x000001b9fe59db60 DEOPT PACKING pc=0x000001b99ffbdc5c sp=0x0000000297ffd8c0
Event: 2.107 Thread 0x000001b9fe59db60 DEOPT UNPACKING pc=0x000001b9a7432b43 sp=0x0000000297ffcd78 mode 1
Event: 2.107 Thread 0x000001b9fe59db60 DEOPT PACKING pc=0x000001b9a007af3c sp=0x0000000297ffe250
Event: 2.107 Thread 0x000001b9fe59db60 DEOPT UNPACKING pc=0x000001b9a7432b43 sp=0x0000000297ffd740 mode 1

Classes unloaded (0 events):
No events

Classes redefined (0 events):
No events

Internal exceptions (20 events):
Event: 1.404 Thread 0x000001b9fe06d3d0 Exception <a 'java/lang/NoSuchMethodError'{0x00000007107d2d48}: 'java.lang.Object java.lang.invoke.DirectMethodHandle$Holder.invokeSpecial(java.lang.Object, java.lang.Object, java.lang.Object, int, java.lang.Object)'> (0x00000007107d2d48) 
thrown [s\open\src\hotspot\share\interpreter\linkResolver.cpp, line 759]
Event: 1.404 Thread 0x000001b9fe06d3d0 Exception <a 'java/lang/NoSuchMethodError'{0x00000007107db3a8}: 'java.lang.Object java.lang.invoke.DirectMethodHandle$Holder.newInvokeSpecial(java.lang.Object, java.lang.Object, java.lang.Object, int, java.lang.Object)'> (0x00000007107db3a8) 
thrown [s\open\src\hotspot\share\interpreter\linkResolver.cpp, line 759]
Event: 1.405 Thread 0x000001b9fe06d3d0 Exception <a 'java/lang/NoSuchMethodError'{0x00000007107e2d78}: 'java.lang.Object java.lang.invoke.Invokers$Holder.linkToTargetMethod(java.lang.Object, java.lang.Object, int, java.lang.Object, java.lang.Object)'> (0x00000007107e2d78) 
thrown [s\open\src\hotspot\share\interpreter\linkResolver.cpp, line 759]
Event: 1.407 Thread 0x000001b9fe06d3d0 Exception <a 'java/lang/NoSuchMethodError'{0x00000007107f23f8}: 'java.lang.Object java.lang.invoke.DirectMethodHandle$Holder.newInvokeSpecial(java.lang.Object, int, java.lang.Object)'> (0x00000007107f23f8) 
thrown [s\open\src\hotspot\share\interpreter\linkResolver.cpp, line 759]
Event: 1.408 Thread 0x000001b9fe06d3d0 Exception <a 'java/lang/NoSuchMethodError'{0x00000007107f70d8}: 'int java.lang.invoke.DirectMethodHandle$Holder.invokeSpecialIFC(java.lang.Object, java.lang.Object, java.lang.Object, java.lang.Object)'> (0x00000007107f70d8) 
thrown [s\open\src\hotspot\share\interpreter\linkResolver.cpp, line 759]
Event: 1.444 Thread 0x000001b9fe06d3d0 Exception <a 'java/lang/NoSuchMethodError'{0x00000007105061c8}: 'void java.lang.invoke.DirectMethodHandle$Holder.invokeInterface(java.lang.Object, java.lang.Object, java.lang.Object)'> (0x00000007105061c8) 
thrown [s\open\src\hotspot\share\interpreter\linkResolver.cpp, line 759]
Event: 1.487 Thread 0x000001b9fe06d3d0 Exception <a 'java/lang/NoSuchMethodError'{0x00000007105bc128}: 'void java.lang.invoke.DirectMethodHandle$Holder.invokeStaticInit(java.lang.Object, java.lang.Object, java.lang.Object)'> (0x00000007105bc128) 
thrown [s\open\src\hotspot\share\interpreter\linkResolver.cpp, line 759]
Event: 1.496 Thread 0x000001b9fe06d3d0 Exception <a 'java/lang/NoSuchMethodError'{0x0000000710203670}: 'java.lang.Object java.lang.invoke.DirectMethodHandle$Holder.invokeStatic(java.lang.Object, java.lang.Object, long, java.lang.Object)'> (0x0000000710203670) 
thrown [s\open\src\hotspot\share\interpreter\linkResolver.cpp, line 759]
Event: 1.497 Thread 0x000001b9fe06d3d0 Exception <a 'java/lang/NoSuchMethodError'{0x0000000710207108}: 'java.lang.Object java.lang.invoke.DirectMethodHandle$Holder.invokeStaticInit(java.lang.Object, java.lang.Object, long, java.lang.Object)'> (0x0000000710207108) 
thrown [s\open\src\hotspot\share\interpreter\linkResolver.cpp, line 759]
Event: 1.497 Thread 0x000001b9fe06d3d0 Exception <a 'java/lang/NoSuchMethodError'{0x000000071020d850}: 'java.lang.Object java.lang.invoke.DirectMethodHandle$Holder.newInvokeSpecial(java.lang.Object, java.lang.Object, long)'> (0x000000071020d850) 
thrown [s\open\src\hotspot\share\interpreter\linkResolver.cpp, line 759]
Event: 1.498 Thread 0x000001b9fe06d3d0 Exception <a 'java/lang/NoSuchMethodError'{0x00000007102113c0}: 'java.lang.Object java.lang.invoke.Invokers$Holder.linkToTargetMethod(java.lang.Object, long, java.lang.Object)'> (0x00000007102113c0) 
thrown [s\open\src\hotspot\share\interpreter\linkResolver.cpp, line 759]
Event: 1.518 Thread 0x000001b9fe06d3d0 Exception <a 'java/lang/NoSuchMethodError'{0x0000000710266200}: 'void java.lang.invoke.DirectMethodHandle$Holder.invokeSpecial(java.lang.Object, java.lang.Object, java.lang.Object, java.lang.Object, java.lang.Object)'> (0x0000000710266200) 
thrown [s\open\src\hotspot\share\interpreter\linkResolver.cpp, line 759]
Event: 1.519 Thread 0x000001b9fe06d3d0 Exception <a 'java/lang/NoSuchMethodError'{0x000000071026e790}: 'void java.lang.invoke.DirectMethodHandle$Holder.invokeVirtual(java.lang.Object, java.lang.Object, java.lang.Object, java.lang.Object)'> (0x000000071026e790) 
thrown [s\open\src\hotspot\share\interpreter\linkResolver.cpp, line 759]
Event: 1.575 Thread 0x000001b9fe06d3d0 Exception <a 'java/lang/NoSuchMethodError'{0x00000007103f5078}: 'void java.lang.invoke.DirectMethodHandle$Holder.invokeSpecial(java.lang.Object, java.lang.Object, java.lang.Object)'> (0x00000007103f5078) 
thrown [s\open\src\hotspot\share\interpreter\linkResolver.cpp, line 759]
Event: 1.577 Thread 0x000001b9fe06d3d0 Exception <a 'java/lang/NoSuchMethodError'{0x000000071000f250}: 'java.lang.Object java.lang.invoke.DirectMethodHandle$Holder.invokeVirtual(java.lang.Object, java.lang.Object, java.lang.Object)'> (0x000000071000f250) 
thrown [s\open\src\hotspot\share\interpreter\linkResolver.cpp, line 759]
Event: 1.629 Thread 0x000001b9fe06d3d0 Exception <a 'java/lang/NoSuchMethodError'{0x000000070fe17898}: 'java.lang.Object java.lang.invoke.DirectMethodHandle$Holder.invokeStatic(java.lang.Object, java.lang.Object, int)'> (0x000000070fe17898) 
thrown [s\open\src\hotspot\share\interpreter\linkResolver.cpp, line 759]
Event: 1.630 Thread 0x000001b9fe06d3d0 Exception <a 'java/lang/NoSuchMethodError'{0x000000070fe232b0}: 'void java.lang.invoke.DelegatingMethodHandle$Holder.delegate(java.lang.Object, java.lang.Object, int, java.lang.Object)'> (0x000000070fe232b0) 
thrown [s\open\src\hotspot\share\interpreter\linkResolver.cpp, line 759]
Event: 1.666 Thread 0x000001b9fe06d3d0 Exception <a 'java/lang/NoSuchMethodError'{0x000000070ffe5f88}: 'void java.lang.invoke.DirectMethodHandle$Holder.invokeStatic(java.lang.Object, java.lang.Object, int)'> (0x000000070ffe5f88) 
thrown [s\open\src\hotspot\share\interpreter\linkResolver.cpp, line 759]
Event: 1.681 Thread 0x000001b9fe06d3d0 Exception <a 'java/lang/IncompatibleClassChangeError'{0x000000070fcb4a80}: Found class java.lang.Object, but interface was expected> (0x000000070fcb4a80) 
thrown [s\open\src\hotspot\share\interpreter\linkResolver.cpp, line 826]
Event: 2.250 Thread 0x000001b9fe06d3d0 Exception <a 'java/lang/NoSuchMethodError'{0x000000070fae3d28}: 'void java.lang.invoke.DirectMethodHandle$Holder.invokeStaticInit(java.lang.Object, java.lang.Object, java.lang.Object, java.lang.Object)'> (0x000000070fae3d28) 
thrown [s\open\src\hotspot\share\interpreter\linkResolver.cpp, line 759]

VM Operations (20 events):
Event: 0.723 Executing VM operation: HandshakeAllThreads
Event: 0.723 Executing VM operation: HandshakeAllThreads done
Event: 0.788 Executing VM operation: G1CollectForAllocation
Event: 0.795 Executing VM operation: G1CollectForAllocation done
Event: 0.965 Executing VM operation: HandshakeAllThreads
Event: 0.965 Executing VM operation: HandshakeAllThreads done
Event: 1.373 Executing VM operation: HandshakeAllThreads
Event: 1.373 Executing VM operation: HandshakeAllThreads done
Event: 1.478 Executing VM operation: ICBufferFull
Event: 1.478 Executing VM operation: ICBufferFull done
Event: 1.572 Executing VM operation: HandshakeAllThreads
Event: 1.572 Executing VM operation: HandshakeAllThreads done
Event: 1.628 Executing VM operation: HandshakeAllThreads
Event: 1.628 Executing VM operation: HandshakeAllThreads done
Event: 1.670 Executing VM operation: HandshakeAllThreads
Event: 1.670 Executing VM operation: HandshakeAllThreads done
Event: 1.710 Executing VM operation: G1CollectForAllocation
Event: 1.718 Executing VM operation: G1CollectForAllocation done
Event: 2.246 Executing VM operation: HandshakeAllThreads
Event: 2.246 Executing VM operation: HandshakeAllThreads done

Events (20 events):
Event: 2.223 loading class java/beans/Transient
Event: 2.223 loading class java/beans/Transient done
Event: 2.223 loading class java/beans/ConstructorProperties
Event: 2.223 loading class java/beans/ConstructorProperties done
Event: 2.227 loading class java/io/InvalidObjectException
Event: 2.227 loading class java/io/InvalidObjectException done
Event: 2.230 loading class java/util/concurrent/atomic/AtomicLongArray
Event: 2.231 loading class java/util/concurrent/atomic/AtomicLongArray done
Event: 2.231 loading class java/lang/invoke/VarHandleLongs$Array
Event: 2.231 loading class java/lang/invoke/VarHandleLongs$Array done
Event: 2.231 loading class java/util/concurrent/atomic/AtomicReferenceArray
Event: 2.231 loading class java/util/concurrent/atomic/AtomicReferenceArray done
Event: 2.233 loading class java/lang/reflect/GenericSignatureFormatError
Event: 2.233 loading class java/lang/ClassFormatError
Event: 2.234 loading class java/lang/ClassFormatError done
Event: 2.234 loading class java/lang/reflect/GenericSignatureFormatError done
Event: 2.246 loading class jdk/internal/module/ModulePatcher$PatchedModuleReader
Event: 2.246 loading class jdk/internal/module/ModulePatcher$PatchedModuleReader done
Event: 2.246 loading class java/lang/IllegalCallerException
Event: 2.246 loading class java/lang/IllegalCallerException done


Dynamic libraries:
0x00007ff699d30000 - 0x00007ff699d40000 	C:\Program Files\Java\jdk-17\bin\java.exe
0x00007ffc9c210000 - 0x00007ffc9c427000 	C:\Windows\SYSTEM32\ntdll.dll
0x00007ffc9b630000 - 0x00007ffc9b6f4000 	C:\Windows\System32\KERNEL32.DLL
0x00007ffc99770000 - 0x00007ffc99b17000 	C:\Windows\System32\KERNELBASE.dll
0x00007ffc99b20000 - 0x00007ffc99c31000 	C:\Windows\System32\ucrtbase.dll
0x00007ffc75b30000 - 0x00007ffc75b49000 	C:\Program Files\Java\jdk-17\bin\jli.dll
0x00007ffc71a60000 - 0x00007ffc71a7b000 	C:\Program Files\Java\jdk-17\bin\VCRUNTIME140.dll
0x00007ffc9be50000 - 0x00007ffc9bf02000 	C:\Windows\System32\ADVAPI32.dll
0x00007ffc9a2d0000 - 0x00007ffc9a377000 	C:\Windows\System32\msvcrt.dll
0x00007ffc9b700000 - 0x00007ffc9b7a8000 	C:\Windows\System32\sechost.dll
0x00007ffc995b0000 - 0x00007ffc995d8000 	C:\Windows\System32\bcrypt.dll
0x00007ffc9a410000 - 0x00007ffc9a525000 	C:\Windows\System32\RPCRT4.dll
0x00007ffc9b830000 - 0x00007ffc9b9de000 	C:\Windows\System32\USER32.dll
0x00007ffc99e70000 - 0x00007ffc99e96000 	C:\Windows\System32\win32u.dll
0x00007ffc8d120000 - 0x00007ffc8d3b3000 	C:\Windows\WinSxS\amd64_microsoft.windows.common-controls_6595b64144ccf1df_6.0.22621.3527_none_270e469b73872a76\COMCTL32.dll
0x00007ffc9a530000 - 0x00007ffc9a559000 	C:\Windows\System32\GDI32.dll
0x00007ffc99650000 - 0x00007ffc99769000 	C:\Windows\System32\gdi32full.dll
0x00007ffc99ea0000 - 0x00007ffc99f3a000 	C:\Windows\System32\msvcp_win.dll
0x00007ffc8e3b0000 - 0x00007ffc8e3ba000 	C:\Windows\SYSTEM32\VERSION.dll
0x00007ffc9ba70000 - 0x00007ffc9baa1000 	C:\Windows\System32\IMM32.DLL
0x00007ffc92690000 - 0x00007ffc9269c000 	C:\Program Files\Java\jdk-17\bin\vcruntime140_1.dll
0x00007ffc508b0000 - 0x00007ffc5093e000 	C:\Program Files\Java\jdk-17\bin\msvcp140.dll
0x00007ffc07070000 - 0x00007ffc07c4f000 	C:\Program Files\Java\jdk-17\bin\server\jvm.dll
0x00007ffc9a560000 - 0x00007ffc9a568000 	C:\Windows\System32\PSAPI.DLL
0x00007ffc7f4f0000 - 0x00007ffc7f4f9000 	C:\Windows\SYSTEM32\WSOCK32.dll
0x00007ffc903c0000 - 0x00007ffc903f4000 	C:\Windows\SYSTEM32\WINMM.dll
0x00007ffc9b7b0000 - 0x00007ffc9b821000 	C:\Windows\System32\WS2_32.dll
0x00007ffc98600000 - 0x00007ffc98618000 	C:\Windows\SYSTEM32\kernel.appcore.dll
0x00007ffc91e10000 - 0x00007ffc91e1a000 	C:\Program Files\Java\jdk-17\bin\jimage.dll
0x00007ffc968f0000 - 0x00007ffc96b22000 	C:\Windows\SYSTEM32\DBGHELP.DLL
0x00007ffc99f40000 - 0x00007ffc9a2c8000 	C:\Windows\System32\combase.dll
0x00007ffc9bc10000 - 0x00007ffc9bce7000 	C:\Windows\System32\OLEAUT32.dll
0x00007ffc790f0000 - 0x00007ffc79122000 	C:\Windows\SYSTEM32\dbgcore.DLL
0x00007ffc99530000 - 0x00007ffc995a9000 	C:\Windows\System32\bcryptPrimitives.dll
0x00007ffc95b90000 - 0x00007ffc95bcb000 	C:\Program Files\Java\jdk-17\bin\jdwp.dll
0x00007ffc69490000 - 0x00007ffc694b5000 	C:\Program Files\Java\jdk-17\bin\java.dll
0x00007ffc49d90000 - 0x00007ffc49e67000 	C:\Program Files\Java\jdk-17\bin\jsvml.dll
0x00007ffc9add0000 - 0x00007ffc9b62c000 	C:\Windows\System32\SHELL32.dll
0x00007ffc97430000 - 0x00007ffc97d26000 	C:\Windows\SYSTEM32\windows.storage.dll
0x00007ffc972f0000 - 0x00007ffc9742e000 	C:\Windows\SYSTEM32\wintypes.dll
0x00007ffc9bf10000 - 0x00007ffc9c005000 	C:\Windows\System32\SHCORE.dll
0x00007ffc9bab0000 - 0x00007ffc9bb0e000 	C:\Windows\System32\shlwapi.dll
0x00007ffc99460000 - 0x00007ffc99481000 	C:\Windows\SYSTEM32\profapi.dll
0x00007ffc95b70000 - 0x00007ffc95b7c000 	C:\Program Files\Java\jdk-17\bin\dt_socket.dll
0x00007ffc98000000 - 0x00007ffc9802d000 	C:\Windows\SYSTEM32\IPHLPAPI.DLL
0x00007ffc98a70000 - 0x00007ffc98ad9000 	C:\Windows\system32\mswsock.dll
0x00007ffc98070000 - 0x00007ffc98168000 	C:\Windows\SYSTEM32\DNSAPI.dll
0x00007ffc9a3e0000 - 0x00007ffc9a3e9000 	C:\Windows\System32\NSI.dll
0x00007ffc92cf0000 - 0x00007ffc92cfa000 	C:\Windows\System32\rasadhlp.dll
0x00007ffc8f690000 - 0x00007ffc8f713000 	C:\Windows\System32\fwpuclnt.dll
0x00007ffc7a770000 - 0x00007ffc7a789000 	C:\Program Files\Java\jdk-17\bin\net.dll
0x00007ffc92190000 - 0x00007ffc922c6000 	C:\Windows\SYSTEM32\WINHTTP.dll
0x00007ffc6a450000 - 0x00007ffc6a466000 	C:\Program Files\Java\jdk-17\bin\nio.dll
0x00007ffc67a70000 - 0x00007ffc67a88000 	C:\Program Files\Java\jdk-17\bin\zip.dll
0x00007ffc7cb80000 - 0x00007ffc7cb8a000 	C:\Program Files\Java\jdk-17\bin\management.dll
0x00007ffc7adb0000 - 0x00007ffc7adbb000 	C:\Program Files\Java\jdk-17\bin\management_ext.dll

dbghelp: loaded successfully - version: 4.0.5 - missing functions: none
symbol engine: initialized successfully - sym options: 0x614 - pdb path: .;C:\Program Files\Java\jdk-17\bin;C:\Windows\SYSTEM32;C:\Windows\WinSxS\amd64_microsoft.windows.common-controls_6595b64144ccf1df_6.0.22621.3527_none_270e469b73872a76;C:\Program Files\Java\jdk-17\bin\server

VM Arguments:
jvm_args: -agentlib:jdwp=transport=dt_socket,server=n,suspend=y,address=localhost:60341 -XX:+ShowCodeDetailsInExceptionMessages 
java_command: com.example.demo.DemoApplication --populate
java_class_path (initial): E:\Загрузки\lab5\lab5\bin\main;C:\Users\salih\.gradle\caches\modules-2\files-2.1\org.springframework.boot\spring-boot-starter-web\3.2.4\a74df12b71060da7c8e87f9a8c2ef4ea43fc8017\spring-boot-starter-web-3.2.4.jar;C:\Users\salih\.gradle\caches\modules-2\files-2.1\org.springframework.boot\spring-boot-starter-validation\3.2.4\5f43697d1f24a19414bcaec3733dab5b6c24d1da\spring-boot-starter-validation-3.2.4.jar;C:\Users\salih\.gradle\caches\modules-2\files-2.1\org.modelmapper\modelmapper\3.2.0\7664b15466a898625b394af6000439c5799a5d2b\modelmapper-3.2.0.jar;C:\Users\salih\.gradle\caches\modules-2\files-2.1\org.springframework.boot\spring-boot-starter-data-jpa\3.2.4\d8c5f393d9b18d96021b3e02d80e4356c5cbe0f7\spring-boot-starter-data-jpa-3.2.4.jar;C:\Users\salih\.gradle\caches\modules-2\files-2.1\com.h2database\h2\2.2.224\7bdade27d8cd197d9b5ce9dc251f41d2edc5f7ad\h2-2.2.224.jar;C:\Users\salih\.gradle\caches\modules-2\files-2.1\org.springframework.boot\spring-boot-devtools\3.2.4\ccd261700a4ff8e8f629a4d267f0b4f53ca17897\spring-boot-devtools-3.2.4.jar;C:\Users\salih\.gradle\caches\modules-2\files-2.1\org.springframework.boot\spring-boot-starter-thymeleaf\3.2.4\db900acbd0bbeb7a8682fe6aeb477d17fe501ac1\spring-boot-starter-thymeleaf-3.2.4.jar;C:\Users\salih\.gradle\caches\modules-2\files-2.1\nz.net.ultraq.thymeleaf\thymeleaf-layout-dialect\3.3.0\275da01788302e514c0549a4db5fa6b29ef84ba6\thymeleaf-layout-dialect-3.3.0.jar;C:\Users\salih\.gradle\caches\modules-2\files-2.1\org.springframework.boot\spring-boot-starter-security\3.2.4\a1b9f09832c42c6c079be67bf3e7989c54a338ff\spring-boot-starter-security-3.2.4.jar;C:\Users\salih\.gradle\caches\modules-2\files-2.1\org.thymeleaf.extras\thymeleaf-extras-springsecurity6\3.1.2.RELEASE\574c188eb147191e2f162419e9fc780fcf3256d7\thymeleaf-extras-springsecurity6-3.1.2.RELEASE.jar;C:\Users\salih\.gradle\caches\modules-2\files-2.1\org.springframework.boot\spring-boot-starter-json\3.2.4\ef3f72369ce7f6f7a7b02c0b23e60ef5bdf581b1\spr
Launcher Type: SUN_STANDARD

[Global flags]
     intx CICompilerCount                          = 4                                         {product} {ergonomic}
     uint ConcGCThreads                            = 2                                         {product} {ergonomic}
     uint G1ConcRefinementThreads                  = 8                                         {product} {ergonomic}
   size_t G1HeapRegionSize                         = 2097152                                   {product} {ergonomic}
    uintx GCDrainStackTargetSize                   = 64                                        {product} {ergonomic}
   size_t InitialHeapSize                          = 268435456                                 {product} {ergonomic}
   size_t MarkStackSize                            = 4194304                                   {product} {ergonomic}
   size_t MaxHeapSize                              = 4276092928                                {product} {ergonomic}
   size_t MaxNewSize                               = 2564816896                                {product} {ergonomic}
   size_t MinHeapDeltaBytes                        = 2097152                                   {product} {ergonomic}
   size_t MinHeapSize                              = 8388608                                   {product} {ergonomic}
    uintx NonNMethodCodeHeapSize                   = 5839372                                {pd product} {ergonomic}
    uintx NonProfiledCodeHeapSize                  = 122909434                              {pd product} {ergonomic}
    uintx ProfiledCodeHeapSize                     = 122909434                              {pd product} {ergonomic}
    uintx ReservedCodeCacheSize                    = 251658240                              {pd product} {ergonomic}
     bool SegmentedCodeCache                       = true                                      {product} {ergonomic}
     bool ShowCodeDetailsInExceptionMessages       = true                                   {manageable} {command line}
   size_t SoftMaxHeapSize                          = 4276092928                             {manageable} {ergonomic}
     bool UseCompressedClassPointers               = true                           {product lp64_product} {ergonomic}
     bool UseCompressedOops                        = true                           {product lp64_product} {ergonomic}
     bool UseG1GC                                  = true                                      {product} {ergonomic}
     bool UseLargePagesIndividualAllocation        = false                                  {pd product} {ergonomic}

Logging:
Log output configuration:
 #0: stdout all=warning uptime,level,tags
 #1: stderr all=off uptime,level,tags

Environment Variables:
JAVA_HOME=C:\Program Files\Java\jdk-17
PATH=C:\Program Files\Microsoft MPI\Bin\;C:\Program Files\Common Files\Oracle\Java\javapath;C:\Program Files (x86)\Common Files\Oracle\Java\javapath;C:\Program Files (x86)\Common Files\Intel\Shared Libraries\redist\intel64\compiler;C:\Windows\system32;C:\Windows;C:\Windows\System32\Wbem;C:\Windows\System32\WindowsPowerShell\v1.0\;C:\Windows\System32\OpenSSH\;C:\Program Files\Microsoft SQL Server\Client SDK\ODBC\170\Tools\Binn\;C:\Program Files\dotnet\;C:\Program Files (x86)\Windows Kits\10\Windows Performance Toolkit\;C:\Program Files\nodejs\;C:\Program Files\Git\cmd;C:\Program Files\NVIDIA Corporation\NVIDIA NvDLISR;C:\Program Files (x86)\NVIDIA Corporation\PhysX\Common;C:\Program Files\Java\jdk-17\bin;C:\Program Files (x86)\Microsoft SQL Server\160\Tools\Binn\;C:\Program Files\Microsoft SQL Server\160\Tools\Binn\;C:\Program Files\Microsoft SQL Server\160\DTS\Binn\;C:\Program Files\Microsoft SQL Server\150\Tools\Binn\;C:\Users\salih\AppData\Local\Microsoft\WindowsApps;C:\Users\salih\.dotnet\tools;C:\Users\salih\AppData\Local\Programs\Microsoft VS Code\bin;C:\Users\salih\AppData\Roaming\npm;E:\Program_prog\qemu;E:\Program_prog\PostgresSQL\16\bin;
USERNAME=salih
LANG=en_US.UTF-8
OS=Windows_NT
PROCESSOR_IDENTIFIER=Intel64 Family 6 Model 158 Stepping 13, GenuineIntel



---------------  S Y S T E M  ---------------

OS:
 Windows 11 , 64 bit Build 22621 (10.0.22621.3527)
OS uptime: 0 days 11:09 hours
Hyper-V role detected

CPU: total 8 (initial active 8) (4 cores per cpu, 2 threads per core) family 6 model 158 stepping 13 microcode 0xde, cx8, cmov, fxsr, ht, mmx, 3dnowpref, sse, sse2, sse3, ssse3, sse4.1, sse4.2, popcnt, lzcnt, tsc, tscinvbit, avx, avx2, aes, erms, clmul, bmi1, bmi2, adx, fma, vzeroupper, clflush, clflushopt, hv

Memory: 4k page, system-wide physical 16304M (2535M free)
TotalPageFile size 22304M (AvailPageFile size 5M)
current process WorkingSet (physical memory assigned to process): 132M, peak: 134M
current process commit charge ("private bytes"): 402M, peak: 403M

vm_info: Java HotSpot(TM) 64-Bit Server VM (17.0.10+11-LTS-240) for windows-amd64 JRE (17.0.10+11-LTS-240), built on Dec 19 2023 21:47:25 by "mach5one" with MS VC++ 17.1 (VS2022)

END.
